<?xml version="1.0" encoding="UTF-8"?>
<!-- Generated by org.testng.reporters.JUnitXMLReporter -->
<testsuite ignored="10" hostname="Alphi-Nandhalala" failures="0" tests="1" name="Default test" time="27.349" errors="0" timestamp="2022-12-21T06:33:49 GMT-05:00">
  <testcase classname="test.NavigationTests" name="ReportsNavigationTest" time="13.198"/>
  <testcase classname="test.NavigationTests" name="UniversityNavigationTest" time="0.0">
    <ignored/>
  </testcase> <!-- UniversityNavigationTest -->
  <testcase classname="test.NavigationTests" name="LMSNavigationTest" time="0.0">
    <ignored/>
  </testcase> <!-- LMSNavigationTest -->
  <testcase classname="test.NavigationTests" name="GrievanceNavigationTest" time="0.0">
    <ignored/>
  </testcase> <!-- GrievanceNavigationTest -->
  <testcase classname="test.NavigationTests" name="MasterNavigationTest" time="0.0">
    <ignored/>
  </testcase> <!-- MasterNavigationTest -->
  <testcase classname="test.NavigationTests" name="UserProfileNavigationTest" time="0.0">
    <ignored/>
  </testcase> <!-- UserProfileNavigationTest -->
  <testcase classname="test.NavigationTests" name="FinanceTest" time="0.0">
    <ignored/>
  </testcase> <!-- FinanceTest -->
  <testcase classname="test.NavigationTests" name="ccNavigationTest" time="0.0">
    <ignored/>
  </testcase> <!-- ccNavigationTest -->
  <testcase classname="test.NavigationTests" name="clicicalNavigationtest" time="0.0">
    <ignored/>
  </testcase> <!-- clicicalNavigationtest -->
  <testcase classname="test.NavigationTests" name="ProviderNavigastionTest" time="0.0">
    <ignored/>
  </testcase> <!-- ProviderNavigastionTest -->
  <testcase classname="test.NavigationTests" name="PatientNavigationTest" time="0.0">
    <ignored/>
  </testcase> <!-- PatientNavigationTest -->
</testsuite> <!-- Default test -->
