<?xml version="1.0" encoding="UTF-8"?>
<testng-results ignored="0" total="2" passed="2" failed="0" skipped="0">
  <reporter-output>
  </reporter-output>
  <suite started-at="2022-11-09T12:44:04 IST" name="MCO Test suite" finished-at="2022-11-09T12:44:50 IST" duration-ms="45699">
    <groups>
    </groups>
    <test started-at="2022-11-09T12:44:04 IST" name="Test" finished-at="2022-11-09T12:44:50 IST" duration-ms="45699">
      <class name="test.SampleTest">
        <test-method is-config="true" signature="setup()[pri:0, instance:test.SampleTest@58d75e99]" started-at="2022-11-09T12:44:04 IST" name="setup" finished-at="2022-11-09T12:44:29 IST" duration-ms="24666" status="PASS">
          <reporter-output>
          </reporter-output>
        </test-method> <!-- setup -->
        <test-method signature="tc1()[pri:0, instance:test.SampleTest@58d75e99]" started-at="2022-11-09T12:44:29 IST" name="tc1" finished-at="2022-11-09T12:44:31 IST" duration-ms="2046" status="PASS">
          <reporter-output>
          </reporter-output>
        </test-method> <!-- tc1 -->
        <test-method is-config="true" signature="teardown()[pri:0, instance:test.SampleTest@58d75e99]" started-at="2022-11-09T12:44:31 IST" name="teardown" finished-at="2022-11-09T12:44:31 IST" duration-ms="330" status="PASS">
          <reporter-output>
          </reporter-output>
        </test-method> <!-- teardown -->
        <test-method is-config="true" signature="setup()[pri:0, instance:test.SampleTest@58d75e99]" started-at="2022-11-09T12:44:31 IST" name="setup" finished-at="2022-11-09T12:44:50 IST" duration-ms="18270" status="PASS">
          <reporter-output>
          </reporter-output>
        </test-method> <!-- setup -->
        <test-method signature="tc2()[pri:0, instance:test.SampleTest@58d75e99]" started-at="2022-11-09T12:44:50 IST" name="tc2" finished-at="2022-11-09T12:44:50 IST" duration-ms="8" status="PASS">
          <reporter-output>
          </reporter-output>
        </test-method> <!-- tc2 -->
        <test-method is-config="true" signature="teardown()[pri:0, instance:test.SampleTest@58d75e99]" started-at="2022-11-09T12:44:50 IST" name="teardown" finished-at="2022-11-09T12:44:50 IST" duration-ms="296" status="PASS">
          <reporter-output>
          </reporter-output>
        </test-method> <!-- teardown -->
      </class> <!-- test.SampleTest -->
    </test> <!-- Test -->
  </suite> <!-- MCO Test suite -->
</testng-results>
