<?xml version="1.0" encoding="UTF-8"?>
<testng-results ignored="10" total="11" passed="1" failed="0" skipped="0">
  <reporter-output>
    <line>
      <![CDATA[----[INFO]----MCO LINK : Element is present]]>
    </line>
    <line>
      <![CDATA[----[INFO]----MCO Link is clicked]]>
    </line>
    <line>
      <![CDATA[----[INFO]----The given text : shc/shctest is entered in the Username text feild]]>
    </line>
    <line>
      <![CDATA[----[INFO]----The given text : Letmein@13 is entered in the Password text field]]>
    </line>
    <line>
      <![CDATA[----[INFO]----Login button : Element is present]]>
    </line>
    <line>
      <![CDATA[----[INFO]----Reports : Element is present]]>
    </line>
    <line>
      <![CDATA[----[PASS]----ReportsNavigationTest is passed]]>
    </line>
    <line>
      <![CDATA[----[INFO]----Driver is closed]]>
    </line>
  </reporter-output>
  <suite started-at="2022-12-21T06:33:21 GMT-05:00" name="Default suite" finished-at="2022-12-21T06:33:49 GMT-05:00" duration-ms="27349">
    <groups>
    </groups>
    <test started-at="2022-12-21T06:33:21 GMT-05:00" name="Default test" finished-at="2022-12-21T06:33:49 GMT-05:00" duration-ms="27349">
      <class name="test.NavigationTests">
        <test-method is-config="true" signature="setup()[pri:0, instance:test.NavigationTests@37d4349f]" started-at="2022-12-21T06:33:21 GMT-05:00" name="setup" finished-at="2022-12-21T06:33:35 GMT-05:00" duration-ms="13767" status="PASS">
          <reporter-output>
          </reporter-output>
        </test-method> <!-- setup -->
        <test-method signature="ReportsNavigationTest()[pri:7, instance:test.NavigationTests@37d4349f]" started-at="2022-12-21T06:33:35 GMT-05:00" name="ReportsNavigationTest" finished-at="2022-12-21T06:33:48 GMT-05:00" duration-ms="13198" status="PASS">
          <reporter-output>
            <line>
              <![CDATA[----[INFO]----MCO LINK : Element is present]]>
            </line>
            <line>
              <![CDATA[----[INFO]----MCO Link is clicked]]>
            </line>
            <line>
              <![CDATA[----[INFO]----The given text : shc/shctest is entered in the Username text feild]]>
            </line>
            <line>
              <![CDATA[----[INFO]----The given text : Letmein@13 is entered in the Password text field]]>
            </line>
            <line>
              <![CDATA[----[INFO]----Login button : Element is present]]>
            </line>
            <line>
              <![CDATA[----[INFO]----Reports : Element is present]]>
            </line>
            <line>
              <![CDATA[----[PASS]----ReportsNavigationTest is passed]]>
            </line>
          </reporter-output>
        </test-method> <!-- ReportsNavigationTest -->
        <test-method is-config="true" signature="teardown()[pri:0, instance:test.NavigationTests@37d4349f]" started-at="2022-12-21T06:33:48 GMT-05:00" name="teardown" finished-at="2022-12-21T06:33:49 GMT-05:00" duration-ms="312" status="PASS">
          <reporter-output>
            <line>
              <![CDATA[----[INFO]----Driver is closed]]>
            </line>
          </reporter-output>
        </test-method> <!-- teardown -->
      </class> <!-- test.NavigationTests -->
    </test> <!-- Default test -->
  </suite> <!-- Default suite -->
</testng-results>
